<?xml version="1.0" encoding="UTF-8"?>
<!-- Generated by org.testng.reporters.JUnitReportReporter -->
<testsuite skipped="0" hostname="DELL-PC" name="UseCases.netBanking" tests="1" failures="0" timestamp="2021-03-06T16:08:08 IST" time="0.017" errors="0">
  <testcase name="transferAmt" time="0.017" classname="UseCases.netBanking"/>
  <system-out/>
</testsuite> <!-- UseCases.netBanking -->
