<?xml version="1.0" encoding="UTF-8"?>
<!-- Generated by org.testng.reporters.JUnitReportReporter -->
<testsuite skipped="0" hostname="DELL-PC" name="UseCases.axisBankFundTransfer" tests="1" failures="0" timestamp="2021-03-06T16:23:31 IST" time="0.024" errors="0">
  <testcase name="axisBankTransferAmt" time="0.024" classname="UseCases.axisBankFundTransfer"/>
  <system-out/>
</testsuite> <!-- UseCases.axisBankFundTransfer -->
